{"name":"hexo","hostname":"LAPTOP-8NEMAOBQ","pid":3420,"level":20,"msg":"Writing database to D:\\gitSpace\\blog/db.json","time":"2020-07-06T08:22:02.313Z","v":0}
{"name":"hexo","hostname":"LAPTOP-8NEMAOBQ","pid":3420,"level":20,"msg":"Hexo version: \u001b[35m4.2.1\u001b[39m","time":"2020-07-06T08:22:02.340Z","v":0}
{"name":"hexo","hostname":"LAPTOP-8NEMAOBQ","pid":3420,"level":20,"msg":"Working directory: \u001b[35mD:\\gitSpace\\blog\\\u001b[39m","time":"2020-07-06T08:22:02.342Z","v":0}
{"name":"hexo","hostname":"LAPTOP-8NEMAOBQ","pid":3420,"level":20,"msg":"Config loaded: \u001b[35mD:\\gitSpace\\blog\\_config.yml\u001b[39m","time":"2020-07-06T08:22:02.563Z","v":0}
{"name":"hexo","hostname":"LAPTOP-8NEMAOBQ","pid":3420,"level":20,"msg":"Plugin loaded: \u001b[35mhexo-generator-category\u001b[39m","time":"2020-07-06T08:22:02.606Z","v":0}
{"name":"hexo","hostname":"LAPTOP-8NEMAOBQ","pid":3420,"level":20,"msg":"Plugin loaded: \u001b[35mhexo-generator-archive\u001b[39m","time":"2020-07-06T08:22:02.610Z","v":0}
{"name":"hexo","hostname":"LAPTOP-8NEMAOBQ","pid":3420,"level":20,"msg":"Plugin loaded: \u001b[35mhexo-deployer-git\u001b[39m","time":"2020-07-06T08:22:02.819Z","v":0}
{"name":"hexo","hostname":"LAPTOP-8NEMAOBQ","pid":3420,"level":20,"msg":"Plugin loaded: \u001b[35mhexo-generator-tag\u001b[39m","time":"2020-07-06T08:22:02.824Z","v":0}
{"name":"hexo","hostname":"LAPTOP-8NEMAOBQ","pid":3420,"level":20,"msg":"Plugin loaded: \u001b[35mhexo-renderer-ejs\u001b[39m","time":"2020-07-06T08:22:02.831Z","v":0}
{"name":"hexo","hostname":"LAPTOP-8NEMAOBQ","pid":3420,"level":20,"msg":"Plugin loaded: \u001b[35mhexo-generator-index\u001b[39m","time":"2020-07-06T08:22:02.836Z","v":0}
{"name":"hexo","hostname":"LAPTOP-8NEMAOBQ","pid":3420,"level":20,"msg":"Plugin loaded: \u001b[35mhexo-renderer-marked\u001b[39m","time":"2020-07-06T08:22:02.915Z","v":0}
{"name":"hexo","hostname":"LAPTOP-8NEMAOBQ","pid":3420,"level":20,"msg":"Plugin loaded: \u001b[35mhexo-renderer-stylus\u001b[39m","time":"2020-07-06T08:22:03.092Z","v":0}
{"name":"hexo","hostname":"LAPTOP-8NEMAOBQ","pid":3420,"level":20,"msg":"Plugin loaded: \u001b[35mhexo-server\u001b[39m","time":"2020-07-06T08:22:03.273Z","v":0}
{"name":"hexo","hostname":"LAPTOP-8NEMAOBQ","pid":3420,"level":30,"msg":"Start processing","time":"2020-07-06T08:22:03.281Z","v":0}
{"name":"hexo","hostname":"LAPTOP-8NEMAOBQ","pid":3420,"level":20,"msg":"Processed: \u001b[35m_posts/hello-world.md\u001b[39m","time":"2020-07-06T08:22:03.309Z","v":0}
{"name":"hexo","hostname":"LAPTOP-8NEMAOBQ","pid":3420,"level":20,"msg":"Rendering post: \u001b[35mD:\\gitSpace\\blog\\source\\_posts\\hello-world.md\u001b[39m","time":"2020-07-06T08:22:03.329Z","v":0}
{"name":"hexo","hostname":"LAPTOP-8NEMAOBQ","pid":3420,"level":20,"msg":"Generator: \u001b[35mpage\u001b[39m","time":"2020-07-06T08:22:03.358Z","v":0}
{"name":"hexo","hostname":"LAPTOP-8NEMAOBQ","pid":3420,"level":20,"msg":"Generator: \u001b[35mpost\u001b[39m","time":"2020-07-06T08:22:03.359Z","v":0}
{"name":"hexo","hostname":"LAPTOP-8NEMAOBQ","pid":3420,"level":20,"msg":"Generator: \u001b[35mcategory\u001b[39m","time":"2020-07-06T08:22:03.360Z","v":0}
{"name":"hexo","hostname":"LAPTOP-8NEMAOBQ","pid":3420,"level":20,"msg":"Generator: \u001b[35marchive\u001b[39m","time":"2020-07-06T08:22:03.361Z","v":0}
{"name":"hexo","hostname":"LAPTOP-8NEMAOBQ","pid":3420,"level":20,"msg":"Generator: \u001b[35mtag\u001b[39m","time":"2020-07-06T08:22:03.363Z","v":0}
{"name":"hexo","hostname":"LAPTOP-8NEMAOBQ","pid":3420,"level":20,"msg":"Generator: \u001b[35mindex\u001b[39m","time":"2020-07-06T08:22:03.364Z","v":0}
{"name":"hexo","hostname":"LAPTOP-8NEMAOBQ","pid":3420,"level":20,"msg":"Generator: \u001b[35masset\u001b[39m","time":"2020-07-06T08:22:03.366Z","v":0}
{"name":"hexo","hostname":"LAPTOP-8NEMAOBQ","pid":3420,"level":30,"msg":"Hexo is running at \u001b[4mhttp://localhost:4000\u001b[24m . Press Ctrl+C to stop.","time":"2020-07-06T08:22:03.372Z","v":0}
{"name":"hexo","hostname":"LAPTOP-8NEMAOBQ","pid":3420,"level":20,"msg":"Database saved","time":"2020-07-06T08:22:03.385Z","v":0}
{"name":"hexo","hostname":"LAPTOP-8NEMAOBQ","pid":3420,"level":40,"msg":"No layout: \u001b[35mindex.html\u001b[39m","time":"2020-07-06T08:22:10.154Z","v":0}
{"name":"hexo","hostname":"LAPTOP-8NEMAOBQ","pid":3420,"level":40,"msg":"No layout: \u001b[35mindex.html\u001b[39m","time":"2020-07-06T08:22:16.421Z","v":0}
{"name":"hexo","hostname":"LAPTOP-8NEMAOBQ","pid":3420,"level":40,"msg":"No layout: \u001b[35mindex.html\u001b[39m","time":"2020-07-06T08:22:22.123Z","v":0}
{"name":"hexo","hostname":"LAPTOP-8NEMAOBQ","pid":3420,"level":40,"msg":"No layout: \u001b[35mindex.html\u001b[39m","time":"2020-07-06T08:24:40.450Z","v":0}
{"name":"hexo","hostname":"LAPTOP-8NEMAOBQ","pid":3420,"level":30,"msg":"Catch you later","time":"2020-07-06T08:26:26.866Z","v":0}
{"name":"hexo","hostname":"LAPTOP-8NEMAOBQ","pid":3420,"level":20,"msg":"Database saved","time":"2020-07-06T08:26:26.871Z","v":0}
